#
# A fatal error has been detected by the Java Runtime Environment:
#
#  EXCEPTION_ACCESS_VIOLATION (0xc0000005) at pc=0x000000005f2503a6, pid=53840, tid=54636
#
# JRE version: Java(TM) SE Runtime Environment (7.0_80-b15) (build 1.7.0_80-b15)
# Java VM: Java HotSpot(TM) 64-Bit Server VM (24.80-b11 mixed mode windows-amd64 compressed oops)
# Problematic frame:
# V  [jvm.dll+0x3a03a6]
#
# Failed to write core dump. Minidumps are not enabled by default on client versions of Windows
#
# If you would like to submit a bug report, please visit:
#   http://bugreport.java.com/bugreport/crash.jsp
#

---------------  T H R E A D  ---------------

Current thread (0x0000000008010800):  VMThread [stack: 0x00000000090c0000,0x00000000091c0000] [id=54636]

siginfo: ExceptionCode=0xc0000005, writing address 0x0000000000000000

Registers:
RAX=0x00000000f4600010, RBX=0x000000000000034c, RCX=0x0000000000000000, RDX=0x0000000000000002
RSP=0x00000000091bef90, RBP=0x000000005f612ef0, RSI=0x00000000f553e938, RDI=0x000000000007d4f8
R8 =0x00000000f5500000, R9 =0x00000000f54c1440, R10=0x0000000003300002, R11=0x000000005f612ef0
R12=0x0000000000000332, R13=0x00000000f5500000, R14=0x0000000003435780, R15=0x0000000000000000
RIP=0x000000005f2503a6, EFLAGS=0x0000000000010202

Top of Stack: (sp=0x00000000091bef90)
0x00000000091bef90:   000000000342dd30 000000000000034c
0x00000000091befa0:   000000005f612ef0 0000000007fef240
0x00000000091befb0:   00000000f5500000 000000005f612ed0
0x00000000091befc0:   000000000342e920 0000000000000000
0x00000000091befd0:   000000005f612ee0 000000005f250eb7
0x00000000091befe0:   0000000003433af0 0000000000000004
0x00000000091beff0:   000000005f612ef0 000000005f0ef93c
0x00000000091bf000:   0000000000000000 00000000e0000000
0x00000000091bf010:   00000000f5500000 000000005f612ed0
0x00000000091bf020:   0000000000000013 000000005f251bcc
0x00000000091bf030:   0000000007fef240 00000000091bf1d0
0x00000000091bf040:   0000000000000000 000000000342dd30
0x00000000091bf050:   000000005f5d6e10 0000000006f12e1e
0x00000000091bf060:   0000000000000000 000000005f47ba80
0x00000000091bf070:   000000005f47b8f8 000000005f5d0100
0x00000000091bf080:   000000005f5d6e10 0000000006f1be0b 

Instructions: (pc=0x000000005f2503a6)
0x000000005f250386:   00 00 00 4c 8b c5 49 8b d2 48 89 44 24 28 49 8b
0x000000005f250396:   cb 4c 89 6c 24 20 e8 0f fd ff ff 48 8b 4c 24 70
0x000000005f2503a6:   48 89 01 32 c0 eb bb cc cc cc 48 89 5c 24 08 57
0x000000005f2503b6:   48 83 ec 60 48 8b 05 e7 92 3b 00 33 d2 48 8b 58 


Register to memory mapping:

RAX=0x00000000f4600010 is an oop
[C 
 - klass: {type array char}
 - length: 20
RBX=0x000000000000034c is an unknown value
RCX=0x0000000000000000 is an unknown value
RDX=0x0000000000000002 is an unknown value
RSP=0x00000000091bef90 is an unknown value
RBP=0x000000005f612ef0 is an unknown value
RSI=0x00000000f553e938 is an unknown value
RDI=0x000000000007d4f8 is an unknown value
R8 =0x00000000f5500000 is an oop
[I 
 - klass: {type array int}
 - length: 124196
R9 =
[error occurred during error reporting (printing register info), id 0xc0000005]

Stack: [0x00000000090c0000,0x00000000091c0000],  sp=0x00000000091bef90,  free space=1019k
Native frames: (J=compiled Java code, j=interpreted, Vv=VM code, C=native code)
V  [jvm.dll+0x3a03a6]

VM_Operation (0x000000000335e8c0): ParallelGCFailedAllocation, mode: safepoint, requested by thread 0x0000000003422800


---------------  P R O C E S S  ---------------

Java Threads: ( => current thread )
  0x000000000806a800 JavaThread "Service Thread" daemon [_thread_blocked, id=53820, stack(0x00000000097c0000,0x00000000098c0000)]
  0x0000000008060800 JavaThread "C2 CompilerThread1" daemon [_thread_blocked, id=53504, stack(0x00000000096c0000,0x00000000097c0000)]
  0x000000000805e000 JavaThread "C2 CompilerThread0" daemon [_thread_blocked, id=48416, stack(0x00000000095c0000,0x00000000096c0000)]
  0x000000000805d000 JavaThread "Attach Listener" daemon [_thread_blocked, id=53500, stack(0x00000000094c0000,0x00000000095c0000)]
  0x0000000008059800 JavaThread "Signal Dispatcher" daemon [_thread_blocked, id=47360, stack(0x00000000093c0000,0x00000000094c0000)]
  0x000000000801f800 JavaThread "Finalizer" daemon [_thread_blocked, id=56564, stack(0x00000000092c0000,0x00000000093c0000)]
  0x0000000008015000 JavaThread "Reference Handler" daemon [_thread_blocked, id=54472, stack(0x00000000091c0000,0x00000000092c0000)]
  0x0000000003422800 JavaThread "main" [_thread_blocked, id=53556, stack(0x0000000003260000,0x0000000003360000)]

Other Threads:
=>0x0000000008010800 VMThread [stack: 0x00000000090c0000,0x00000000091c0000] [id=54636]
  0x0000000008073800 WatcherThread [stack: 0x00000000098c0000,0x00000000099c0000] [id=53284]

VM state:at safepoint (normal execution)

VM Mutex/Monitor currently owned by a thread:  ([mutex/lock_event])
[0x000000000341c740] Threads_lock - owner thread: 0x0000000008010800
[0x000000000341c1c0] Heap_lock - owner thread: 0x0000000003422800

Heap
 PSYoungGen      total 116736K, used 34248K [0x00000000f5500000, 0x0000000100000000, 0x0000000100000000)
  eden space 58368K, 0% used [0x00000000f5500000,0x00000000f5500000,0x00000000f8e00000)
  from space 58368K, 58% used [0x00000000f8e00000,0x00000000faf72038,0x00000000fc700000)
  to   space 58368K, 0% used [0x00000000fc700000,0x00000000fc700000,0x0000000100000000)
 ParOldGen       total 349184K, used 334454K [0x00000000e0000000, 0x00000000f5500000, 0x00000000f5500000)
  object space 349184K, 95% used [0x00000000e0000000,0x00000000f469d9c0,0x00000000f5500000)
 PSPermGen       total 21504K, used 6169K [0x00000000dae00000, 0x00000000dc300000, 0x00000000e0000000)
  object space 21504K, 28% used [0x00000000dae00000,0x00000000db4066e0,0x00000000dc300000)

Card table byte_map: [0x00000000065e0000,0x0000000006710000] byte_map_base: 0x0000000005f09000

Polling page: 0x0000000001430000

Code Cache  [0x0000000003520000, 0x00000000037f0000, 0x0000000006520000)
 total_blobs=1091 nmethods=840 adapters=203 free_code_cache=46382Kb largest_free_block=47424320

Compilation events (10 events):
Event: 45.223 Thread 0x0000000008060800 nmethod 1007 0x00000000037b3910 code [0x00000000037b3a60, 0x00000000037b3c48]
Event: 45.223 Thread 0x0000000008060800 1008             java.util.DualPivotQuicksort::sort (543 bytes)
Event: 45.269 Thread 0x0000000008060800 nmethod 1008 0x00000000037d24d0 code [0x00000000037d2680, 0x00000000037d3778]
Event: 45.269 Thread 0x0000000008060800 1009             java.util.DualPivotQuicksort::sort (537 bytes)
Event: 45.278 Thread 0x000000000805e000 nmethod 1003% 0x00000000037d8250 code [0x00000000037d86a0, 0x00000000037daed8]
Event: 45.279 Thread 0x000000000805e000 1010             com.sun.java.util.jar.pack.CodingChooser::tryPopulationCoding (1548 bytes)
Event: 45.340 Thread 0x0000000008060800 nmethod 1009 0x00000000037d0190 code [0x00000000037d0360, 0x00000000037d1948]
Event: 45.391 Thread 0x000000000805e000 nmethod 1010 0x00000000037dec90 code [0x00000000037df160, 0x00000000037e1c60]
Event: 45.575 Thread 0x0000000008060800 1011             com.sun.java.util.jar.pack.Coding::canRepresentUnsigned (22 bytes)
Event: 45.575 Thread 0x0000000008060800 nmethod 1011 0x00000000036b7810 code [0x00000000036b7940, 0x00000000036b79b8]

GC Heap History (10 events):
Event: 41.436 GC heap after
Heap after GC invocations=82 (full 10):
 PSYoungGen      total 115200K, used 56809K [0x00000000f5500000, 0x0000000100000000, 0x0000000100000000)
  eden space 58368K, 0% used [0x00000000f5500000,0x00000000f5500000,0x00000000f8e00000)
  from space 56832K, 99% used [0x00000000fc880000,0x00000000ffffa560,0x0000000100000000)
  to   space 58368K, 0% used [0x00000000f8e00000,0x00000000f8e00000,0x00000000fc700000)
 ParOldGen       total 319488K, used 280434K [0x00000000e0000000, 0x00000000f3800000, 0x00000000f5500000)
  object space 319488K, 87% used [0x00000000e0000000,0x00000000f11dcbf0,0x00000000f3800000)
 PSPermGen       total 21504K, used 6004K [0x00000000dae00000, 0x00000000dc300000, 0x00000000e0000000)
  object space 21504K, 27% used [0x00000000dae00000,0x00000000db3dd3c0,0x00000000dc300000)
}
Event: 41.605 GC heap before
{Heap before GC invocations=83 (full 10):
 PSYoungGen      total 115200K, used 114322K [0x00000000f5500000, 0x0000000100000000, 0x0000000100000000)
  eden space 58368K, 98% used [0x00000000f5500000,0x00000000f8d2a318,0x00000000f8e00000)
  from space 56832K, 99% used [0x00000000fc880000,0x00000000ffffa560,0x0000000100000000)
  to   space 58368K, 0% used [0x00000000f8e00000,0x00000000f8e00000,0x00000000fc700000)
 ParOldGen       total 319488K, used 280434K [0x00000000e0000000, 0x00000000f3800000, 0x00000000f5500000)
  object space 319488K, 87% used [0x00000000e0000000,0x00000000f11dcbf0,0x00000000f3800000)
 PSPermGen       total 21504K, used 6005K [0x00000000dae00000, 0x00000000dc300000, 0x00000000e0000000)
  object space 21504K, 27% used [0x00000000dae00000,0x00000000db3dd6a8,0x00000000dc300000)
Event: 41.661 GC heap after
Heap after GC invocations=83 (full 10):
 PSYoungGen      total 116736K, used 58355K [0x00000000f5500000, 0x0000000100000000, 0x0000000100000000)
  eden space 58368K, 0% used [0x00000000f5500000,0x00000000f5500000,0x00000000f8e00000)
  from space 58368K, 99% used [0x00000000f8e00000,0x00000000fc6fcda0,0x00000000fc700000)
  to   space 58368K, 0% used [0x00000000fc700000,0x00000000fc700000,0x0000000100000000)
 ParOldGen       total 319488K, used 302026K [0x00000000e0000000, 0x00000000f3800000, 0x00000000f5500000)
  object space 319488K, 94% used [0x00000000e0000000,0x00000000f26f2920,0x00000000f3800000)
 PSPermGen       total 21504K, used 6005K [0x00000000dae00000, 0x00000000dc300000, 0x00000000e0000000)
  object space 21504K, 27% used [0x00000000dae00000,0x00000000db3dd6a8,0x00000000dc300000)
}
Event: 41.661 GC heap before
{Heap before GC invocations=84 (full 11):
 PSYoungGen      total 116736K, used 58355K [0x00000000f5500000, 0x0000000100000000, 0x0000000100000000)
  eden space 58368K, 0% used [0x00000000f5500000,0x00000000f5500000,0x00000000f8e00000)
  from space 58368K, 99% used [0x00000000f8e00000,0x00000000fc6fcda0,0x00000000fc700000)
  to   space 58368K, 0% used [0x00000000fc700000,0x00000000fc700000,0x0000000100000000)
 ParOldGen       total 319488K, used 302026K [0x00000000e0000000, 0x00000000f3800000, 0x00000000f5500000)
  object space 319488K, 94% used [0x00000000e0000000,0x00000000f26f2920,0x00000000f3800000)
 PSPermGen       total 21504K, used 6005K [0x00000000dae00000, 0x00000000dc300000, 0x00000000e0000000)
  object space 21504K, 27% used [0x00000000dae00000,0x00000000db3dd6a8,0x00000000dc300000)
Event: 43.755 GC heap after
Heap after GC invocations=84 (full 11):
 PSYoungGen      total 116736K, used 22753K [0x00000000f5500000, 0x0000000100000000, 0x0000000100000000)
  eden space 58368K, 0% used [0x00000000f5500000,0x00000000f5500000,0x00000000f8e00000)
  from space 58368K, 38% used [0x00000000f8e00000,0x00000000fa4384b0,0x00000000fc700000)
  to   space 58368K, 0% used [0x00000000fc700000,0x00000000fc700000,0x0000000100000000)
 ParOldGen       total 349184K, used 319391K [0x00000000e0000000, 0x00000000f5500000, 0x00000000f5500000)
  object space 349184K, 91% used [0x00000000e0000000,0x00000000f37e7f18,0x00000000f5500000)
 PSPermGen       total 21504K, used 6005K [0x00000000dae00000, 0x00000000dc300000, 0x00000000e0000000)
  object space 21504K, 27% used [0x00000000dae00000,0x00000000db3dd428,0x00000000dc300000)
}
Event: 44.264 GC heap before
{Heap before GC invocations=85 (full 11):
 PSYoungGen      total 116736K, used 81121K [0x00000000f5500000, 0x0000000100000000, 0x0000000100000000)
  eden space 58368K, 100% used [0x00000000f5500000,0x00000000f8e00000,0x00000000f8e00000)
  from space 58368K, 38% used [0x00000000f8e00000,0x00000000fa4384b0,0x00000000fc700000)
  to   space 58368K, 0% used [0x00000000fc700000,0x00000000fc700000,0x0000000100000000)
 ParOldGen       total 349184K, used 319391K [0x00000000e0000000, 0x00000000f5500000, 0x00000000f5500000)
  object space 349184K, 91% used [0x00000000e0000000,0x00000000f37e7f18,0x00000000f5500000)
 PSPermGen       total 21504K, used 6130K [0x00000000dae00000, 0x00000000dc300000, 0x00000000e0000000)
  object space 21504K, 28% used [0x00000000dae00000,0x00000000db3fc8a0,0x00000000dc300000)
Event: 44.347 GC heap after
Heap after GC invocations=85 (full 11):
 PSYoungGen      total 116736K, used 48431K [0x00000000f5500000, 0x0000000100000000, 0x0000000100000000)
  eden space 58368K, 0% used [0x00000000f5500000,0x00000000f5500000,0x00000000f8e00000)
  from space 58368K, 82% used [0x00000000fc700000,0x00000000ff64bdf8,0x0000000100000000)
  to   space 58368K, 0% used [0x00000000f8e00000,0x00000000f8e00000,0x00000000fc700000)
 ParOldGen       total 349184K, used 319391K [0x00000000e0000000, 0x00000000f5500000, 0x00000000f5500000)
  object space 349184K, 91% used [0x00000000e0000000,0x00000000f37e7f18,0x00000000f5500000)
 PSPermGen       total 21504K, used 6130K [0x00000000dae00000, 0x00000000dc300000, 0x00000000e0000000)
  object space 21504K, 28% used [0x00000000dae00000,0x00000000db3fc8a0,0x00000000dc300000)
}
Event: 45.602 GC heap before
{Heap before GC invocations=86 (full 11):
 PSYoungGen      total 116736K, used 106674K [0x00000000f5500000, 0x0000000100000000, 0x0000000100000000)
  eden space 58368K, 99% used [0x00000000f5500000,0x00000000f8de0a38,0x00000000f8e00000)
  from space 58368K, 82% used [0x00000000fc700000,0x00000000ff64bdf8,0x0000000100000000)
  to   space 58368K, 0% used [0x00000000f8e00000,0x00000000f8e00000,0x00000000fc700000)
 ParOldGen       total 349184K, used 319391K [0x00000000e0000000, 0x00000000f5500000, 0x00000000f5500000)
  object space 349184K, 91% used [0x00000000e0000000,0x00000000f37e7f18,0x00000000f5500000)
 PSPermGen       total 21504K, used 6169K [0x00000000dae00000, 0x00000000dc300000, 0x00000000e0000000)
  object space 21504K, 28% used [0x00000000dae00000,0x00000000db4066e0,0x00000000dc300000)
Event: 45.644 GC heap after
Heap after GC invocations=86 (full 11):
 PSYoungGen      total 116736K, used 34248K [0x00000000f5500000, 0x0000000100000000, 0x0000000100000000)
  eden space 58368K, 0% used [0x00000000f5500000,0x00000000f5500000,0x00000000f8e00000)
  from space 58368K, 58% used [0x00000000f8e00000,0x00000000faf72038,0x00000000fc700000)
  to   space 58368K, 0% used [0x00000000fc700000,0x00000000fc700000,0x0000000100000000)
 ParOldGen       total 349184K, used 334454K [0x00000000e0000000, 0x00000000f5500000, 0x00000000f5500000)
  object space 349184K, 95% used [0x00000000e0000000,0x00000000f469d9c0,0x00000000f5500000)
 PSPermGen       total 21504K, used 6169K [0x00000000dae00000, 0x00000000dc300000, 0x00000000e0000000)
  object space 21504K, 28% used [0x00000000dae00000,0x00000000db4066e0,0x00000000dc300000)
}
Event: 45.645 GC heap before
{Heap before GC invocations=87 (full 12):
 PSYoungGen      total 116736K, used 34248K [0x00000000f5500000, 0x0000000100000000, 0x0000000100000000)
  eden space 58368K, 0% used [0x00000000f5500000,0x00000000f5500000,0x00000000f8e00000)
  from space 58368K, 58% used [0x00000000f8e00000,0x00000000faf72038,0x00000000fc700000)
  to   space 58368K, 0% used [0x00000000fc700000,0x00000000fc700000,0x0000000100000000)
 ParOldGen       total 349184K, used 334454K [0x00000000e0000000, 0x00000000f5500000, 0x00000000f5500000)
  object space 349184K, 95% used [0x00000000e0000000,0x00000000f469d9c0,0x00000000f5500000)
 PSPermGen       total 21504K, used 6169K [0x00000000dae00000, 0x00000000dc300000, 0x00000000e0000000)
  object space 21504K, 28% used [0x00000000dae00000,0x00000000db4066e0,0x00000000dc300000)

Deoptimization events (10 events):
Event: 44.984 Thread 0x0000000003422800 Uncommon trap: reason=unstable_if action=reinterpret pc=0x00000000036de328 method=java.util.DualPivotQuicksort.sort([III)V @ 196
Event: 44.984 Thread 0x0000000003422800 Uncommon trap: reason=unstable_if action=reinterpret pc=0x00000000037b1490 method=java.util.DualPivotQuicksort.sort([JII)V @ 72
Event: 44.989 Thread 0x0000000003422800 Uncommon trap: reason=unstable_if action=reinterpret pc=0x00000000037b6538 method=com.sun.java.util.jar.pack.CodingChooser.tryPopulationCoding(Lcom/sun/java/util/jar/pack/Coding;)V @ 258
Event: 44.990 Thread 0x0000000003422800 Uncommon trap: reason=unstable_if action=reinterpret pc=0x000000000358c90c method=java.util.ArrayList.clear()V @ 17
Event: 45.082 Thread 0x0000000003422800 Uncommon trap: reason=class_check action=maybe_recompile pc=0x00000000037487a4 method=com.sun.java.util.jar.pack.CodingChooser.choose([IIILcom/sun/java/util/jar/pack/Coding;[I)Lcom/sun/java/util/jar/pack/CodingMethod; @ 811
Event: 45.126 Thread 0x0000000003422800 Uncommon trap: reason=unstable_if action=reinterpret pc=0x00000000037b842c method=com.sun.java.util.jar.pack.CodingChooser.tryPopulationCoding(Lcom/sun/java/util/jar/pack/Coding;)V @ 258
Event: 45.126 Thread 0x0000000003422800 Uncommon trap: reason=predicate action=maybe_recompile pc=0x0000000003704160 method=java.util.ArrayList.indexOf(Ljava/lang/Object;)I @ 44
Event: 45.128 Thread 0x0000000003422800 Uncommon trap: reason=unstable_if action=reinterpret pc=0x00000000037afd84 method=com.sun.java.util.jar.pack.PopulationCoding.getToken(I)I @ 4
Event: 45.129 Thread 0x0000000003422800 Uncommon trap: reason=unstable_if action=reinterpret pc=0x000000000368aadc method=com.sun.java.util.jar.pack.PopulationCoding.getToken(I)I @ 43
Event: 45.139 Thread 0x0000000003422800 Uncommon trap: reason=unstable_if action=reinterpret pc=0x000000000371fd48 method=com.sun.java.util.jar.pack.Coding.writeInt([B[IIIII)V @ 99

Internal exceptions (10 events):
Event: 12.879 Thread 0x0000000003422800 Implicit null exception at 0x000000000363cd21 to 0x000000000363cfe9
Event: 12.943 Thread 0x0000000003422800 Implicit null exception at 0x00000000036108c5 to 0x0000000003610f01
Event: 12.943 Thread 0x0000000003422800 Implicit null exception at 0x00000000035c6349 to 0x00000000035c66ad
Event: 12.943 Thread 0x0000000003422800 Implicit null exception at 0x00000000035c6c49 to 0x00000000035c6fad
Event: 15.961 Thread 0x0000000003422800 Implicit null exception at 0x00000000036ecf53 to 0x00000000036ed485
Event: 17.997 Thread 0x0000000003422800 Implicit null exception at 0x00000000036fbf68 to 0x00000000036fc1c1
Event: 22.950 Thread 0x0000000003422800 Implicit null exception at 0x00000000036af114 to 0x00000000036af619
Event: 37.810 Thread 0x0000000003422800 Implicit null exception at 0x00000000036f9cba to 0x00000000036fa079
Event: 37.953 Thread 0x0000000003422800 Implicit null exception at 0x000000000364c782 to 0x000000000364ca5d
Event: 45.128 Thread 0x0000000003422800 Implicit null exception at 0x00000000037afc07 to 0x00000000037afd71

Events (10 events):
Event: 45.128 Thread 0x0000000003422800 Uncommon trap: trap_request=0xffffff75 fr.pc=0x00000000037afd84
Event: 45.128 Thread 0x0000000003422800 DEOPT PACKING pc=0x00000000037afd84 sp=0x000000000335e7f0
Event: 45.128 Thread 0x0000000003422800 DEOPT UNPACKING pc=0x00000000035575a4 sp=0x000000000335e7b0 mode 2
Event: 45.129 Thread 0x0000000003422800 Uncommon trap: trap_request=0xffffff75 fr.pc=0x000000000368aadc
Event: 45.129 Thread 0x0000000003422800 DEOPT PACKING pc=0x000000000368aadc sp=0x000000000335e840
Event: 45.129 Thread 0x0000000003422800 DEOPT UNPACKING pc=0x00000000035575a4 sp=0x000000000335e7b0 mode 2
Event: 45.139 Thread 0x0000000003422800 Uncommon trap: trap_request=0xffffff75 fr.pc=0x000000000371fd48
Event: 45.139 Thread 0x0000000003422800 DEOPT PACKING pc=0x000000000371fd48 sp=0x000000000335e780
Event: 45.139 Thread 0x0000000003422800 DEOPT UNPACKING pc=0x00000000035575a4 sp=0x000000000335e708 mode 2
Event: 45.602 Executing VM operation: ParallelGCFailedAllocation


Dynamic libraries:
0x00007ff70d980000 - 0x00007ff70d987000 	D:\Java\jdk1.7.0_80\bin\pack200.exe
0x00007ffc4e240000 - 0x00007ffc4e421000 	C:\WINDOWS\SYSTEM32\ntdll.dll
0x00007ffc4c760000 - 0x00007ffc4c812000 	C:\WINDOWS\System32\KERNEL32.DLL
0x00007ffc4b2b0000 - 0x00007ffc4b523000 	C:\WINDOWS\System32\KERNELBASE.dll
0x000000005ea30000 - 0x000000005eb02000 	D:\Java\jdk1.7.0_80\bin\MSVCR100.dll
0x000000005ea00000 - 0x000000005ea2b000 	D:\Java\jdk1.7.0_80\bin\jli.dll
0x00007ffc4df90000 - 0x00007ffc4e031000 	C:\WINDOWS\System32\ADVAPI32.dll
0x00007ffc4dc60000 - 0x00007ffc4dcfe000 	C:\WINDOWS\System32\msvcrt.dll
0x00007ffc4bd30000 - 0x00007ffc4bd8b000 	C:\WINDOWS\System32\sechost.dll
0x00007ffc4de30000 - 0x00007ffc4df54000 	C:\WINDOWS\System32\RPCRT4.dll
0x00007ffc4b950000 - 0x00007ffc4bae0000 	C:\WINDOWS\System32\USER32.dll
0x00007ffc4b0e0000 - 0x00007ffc4b100000 	C:\WINDOWS\System32\win32u.dll
0x00007ffc39040000 - 0x00007ffc392a9000 	C:\WINDOWS\WinSxS\amd64_microsoft.windows.common-controls_6595b64144ccf1df_6.0.17134.472_none_fb3f9af53068156d\COMCTL32.dll
0x00007ffc4ddf0000 - 0x00007ffc4de18000 	C:\WINDOWS\System32\GDI32.dll
0x00007ffc4c3d0000 - 0x00007ffc4c6f2000 	C:\WINDOWS\System32\combase.dll
0x00007ffc4b530000 - 0x00007ffc4b6c2000 	C:\WINDOWS\System32\gdi32full.dll
0x00007ffc4b100000 - 0x00007ffc4b1fa000 	C:\WINDOWS\System32\ucrtbase.dll
0x00007ffc4a6c0000 - 0x00007ffc4a75f000 	C:\WINDOWS\System32\msvcp_win.dll
0x00007ffc4a950000 - 0x00007ffc4a9ca000 	C:\WINDOWS\System32\bcryptPrimitives.dll
0x00007ffc4df60000 - 0x00007ffc4df8d000 	C:\WINDOWS\System32\IMM32.DLL
0x000000005f690000 - 0x000000005f762000 	D:\Java\jdk1.7.0_80\jre\bin\msvcr100.dll
0x000000005eeb0000 - 0x000000005f689000 	D:\Java\jdk1.7.0_80\jre\bin\server\jvm.dll
0x00007ffc4de20000 - 0x00007ffc4de28000 	C:\WINDOWS\System32\PSAPI.DLL
0x00007ffc474e0000 - 0x00007ffc47503000 	C:\WINDOWS\SYSTEM32\WINMM.dll
0x00007ffc33cf0000 - 0x00007ffc33cf9000 	C:\WINDOWS\SYSTEM32\WSOCK32.dll
0x00007ffc4c1e0000 - 0x00007ffc4c24c000 	C:\WINDOWS\System32\WS2_32.dll
0x00007ffc474b0000 - 0x00007ffc474da000 	C:\WINDOWS\SYSTEM32\WINMMBASE.dll
0x00007ffc4a610000 - 0x00007ffc4a659000 	C:\WINDOWS\System32\cfgmgr32.dll
0x000000005ee60000 - 0x000000005ee6f000 	D:\Java\jdk1.7.0_80\jre\bin\verify.dll
0x000000005ee30000 - 0x000000005ee58000 	D:\Java\jdk1.7.0_80\jre\bin\java.dll
0x000000005ee10000 - 0x000000005ee26000 	D:\Java\jdk1.7.0_80\jre\bin\zip.dll
0x00007ffc49f20000 - 0x00007ffc49f37000 	C:\WINDOWS\SYSTEM32\CRYPTSP.dll
0x00007ffc49950000 - 0x00007ffc49983000 	C:\WINDOWS\system32\rsaenh.dll
0x00007ffc4a050000 - 0x00007ffc4a075000 	C:\WINDOWS\SYSTEM32\bcrypt.dll
0x00007ffc4a450000 - 0x00007ffc4a478000 	C:\WINDOWS\SYSTEM32\USERENV.dll
0x00007ffc4a5b0000 - 0x00007ffc4a5cf000 	C:\WINDOWS\System32\profapi.dll
0x00007ffc49f40000 - 0x00007ffc49f4b000 	C:\WINDOWS\SYSTEM32\CRYPTBASE.dll
0x000000005edf0000 - 0x000000005ee0a000 	D:\Java\jdk1.7.0_80\jre\bin\net.dll
0x00007ffc49d70000 - 0x00007ffc49dd6000 	C:\WINDOWS\system32\mswsock.dll
0x00007ffc49af0000 - 0x00007ffc49b28000 	C:\WINDOWS\SYSTEM32\IPHLPAPI.DLL
0x00007ffc4bd20000 - 0x00007ffc4bd28000 	C:\WINDOWS\System32\NSI.dll
0x00007ffc450b0000 - 0x00007ffc450c6000 	C:\WINDOWS\SYSTEM32\dhcpcsvc6.DLL
0x00007ffc450f0000 - 0x00007ffc4510a000 	C:\WINDOWS\SYSTEM32\dhcpcsvc.DLL
0x000000005edd0000 - 0x000000005ede1000 	D:\Java\jdk1.7.0_80\jre\bin\nio.dll
0x00007ffc47620000 - 0x00007ffc477e9000 	C:\WINDOWS\SYSTEM32\dbghelp.dll

VM Arguments:
jvm_args: -Dapplication.home=D:\Java\jdk1.7.0_80 -Xms8m -Xmx512m 
java_command: com.sun.java.util.jar.pack.Driver --pack --repack b.jar TTUi.jar
Launcher Type: SUN_STANDARD

Environment Variables:
JAVA_HOME=D:\Java\jdk1.7.0_80
PATH=C:\ProgramData\Oracle\Java\javapath;D:\app\admin\product\11.2.0\dbhome_1\bin;C:\Program Files (x86)\Intel\iCLS Client\;C:\Program Files\Intel\iCLS Client\;C:\Program Files (x86)\AMD APP\bin\x86_64;C:\Program Files (x86)\AMD APP\bin\x86;C:\WINDOWS\system32;C:\WINDOWS;C:\WINDOWS\System32\Wbem;C:\WINDOWS\System32\WindowsPowerShell\v1.0\;C:\Program Files (x86)\Windows Live\Shared;C:\Program Files (x86)\Intel\OpenCL SDK\3.0\bin\x86;C:\Program Files (x86)\Intel\OpenCL SDK\3.0\bin\x64;C:\Program Files (x86)\ATI Technologies\ATI.ACE\Core-Static;C:\Program Files\Intel\Intel(R) Management Engine Components\DAL;C:\Program Files\Intel\Intel(R) Management Engine Components\IPT;C:\Program Files (x86)\Intel\Intel(R) Management Engine Components\DAL;C:\Program Files (x86)\Intel\Intel(R) Management Engine Components\IPT;D:\Java\jdk1.7.0_80\bin;C:\Program Files (x86)\Common Files\lenovo\easyplussdk\bin;D:\Program Files\TortoiseSVN\bin;C:\Program Files\Tomcat\bin;C:\Program Files (x86)\EasyFrom Inc\;C:\Program Files (x86)\Microsoft SQL Server\100\Tools\Binn\;C:\Program Files\Microsoft SQL Server\100\Tools\Binn\;C:\Program Files\Microsoft SQL Server\100\DTS\Binn\;C:\Program Files (x86)\Microsoft SQL Server\100\Tools\Binn\VSShell\Common7\IDE\;C:\Program Files (x86)\Microsoft SQL Server\100\DTS\Binn\;C:\Program Files (x86)\Skype\Phone\;D:\Program Files\nodejs\;D:\Program Files\Git\cmd;C:\Program Files (x86)\gradle-4.7\bin;C:\WINDOWS\System32\OpenSSH\;D:\Program Files\maven\bin;C:\Users\admin\AppData\Local\Microsoft\WindowsApps;C:\Users\admin\AppData\Roaming\npm;
USERNAME=admin
OS=Windows_NT
PROCESSOR_IDENTIFIER=Intel64 Family 6 Model 58 Stepping 9, GenuineIntel



---------------  S Y S T E M  ---------------

OS: Windows 8.1 , 64 bit Build 9600 

CPU:total 4 (2 cores per cpu, 2 threads per core) family 6 model 58 stepping 9, cmov, cx8, fxsr, mmx, sse, sse2, sse3, ssse3, sse4.1, sse4.2, popcnt, avx, aes, erms, ht, tsc, tscinvbit, tscinv

Memory: 4k page, physical 16666904k(4861372k free), swap 35541272k(15609132k free)

vm_info: Java HotSpot(TM) 64-Bit Server VM (24.80-b11) for windows-amd64 JRE (1.7.0_80-b15), built on Apr 10 2015 11:26:34 by "java_re" with unknown MS VC++:1600

time: Fri Dec 21 20:54:41 2018
elapsed time: 46 seconds

